Traceback (most recent call last):
  File "/home/htchu/.local/lib/python3.8/site-packages/jupyter_cache/executors/utils.py", line 51, in single_nb_execution
    executenb(
  File "/home/htchu/.local/lib/python3.8/site-packages/nbclient/client.py", line 1117, in execute
    return NotebookClient(nb=nb, resources=resources, km=km, **kwargs).execute()
  File "/home/htchu/.local/lib/python3.8/site-packages/nbclient/util.py", line 78, in wrapped
    return just_run(coro(*args, **kwargs))
  File "/home/htchu/.local/lib/python3.8/site-packages/nbclient/util.py", line 57, in just_run
    return loop.run_until_complete(coro)
  File "/usr/lib/python3.8/asyncio/base_events.py", line 616, in run_until_complete
    return future.result()
  File "/home/htchu/.local/lib/python3.8/site-packages/nbclient/client.py", line 558, in async_execute
    await self.async_execute_cell(
  File "/home/htchu/.local/lib/python3.8/site-packages/nbclient/client.py", line 862, in async_execute_cell
    self._check_raise_for_error(cell, exec_reply)
  File "/home/htchu/.local/lib/python3.8/site-packages/nbclient/client.py", line 765, in _check_raise_for_error
    raise CellExecutionError.from_cell_and_msg(cell, exec_reply_content)
nbclient.exceptions.CellExecutionError: An error occurred while executing the following cell:
------------------
instr = input('Please input your scoreï¼š')
score = int(instr)  #è®Šæ•´æ•¸
print(score)      #åˆ—å°è®Šæ•¸çš„å€¼
print(type(score))   #åˆ—å°è®Šæ•¸çš„å‹åˆ¥
------------------

[0;31m---------------------------------------------------------------------------[0m
[0;31mStdinNotImplementedError[0m                  Traceback (most recent call last)
[0;32m/tmp/ipykernel_782/3111976663.py[0m in [0;36m<module>[0;34m[0m
[0;32m----> 1[0;31m [0minstr[0m [0;34m=[0m [0minput[0m[0;34m([0m[0;34m'Please input your scoreï¼š'[0m[0;34m)[0m[0;34m[0m[0;34m[0m[0m
[0m[1;32m      2[0m [0mscore[0m [0;34m=[0m [0mint[0m[0;34m([0m[0minstr[0m[0;34m)[0m  [0;31m#è®Šæ•´æ•¸[0m[0;34m[0m[0;34m[0m[0m
[1;32m      3[0m [0mprint[0m[0;34m([0m[0mscore[0m[0;34m)[0m      [0;31m#åˆ—å°è®Šæ•¸çš„å€¼[0m[0;34m[0m[0;34m[0m[0m
[1;32m      4[0m [0mprint[0m[0;34m([0m[0mtype[0m[0;34m([0m[0mscore[0m[0;34m)[0m[0;34m)[0m   [0;31m#åˆ—å°è®Šæ•¸çš„å‹åˆ¥[0m[0;34m[0m[0;34m[0m[0m

[0;32m~/.local/lib/python3.8/site-packages/ipykernel/kernelbase.py[0m in [0;36mraw_input[0;34m(self, prompt)[0m
[1;32m   1001[0m         """
[1;32m   1002[0m         [0;32mif[0m [0;32mnot[0m [0mself[0m[0;34m.[0m[0m_allow_stdin[0m[0;34m:[0m[0;34m[0m[0;34m[0m[0m
[0;32m-> 1003[0;31m             raise StdinNotImplementedError(
[0m[1;32m   1004[0m                 [0;34m"raw_input was called, but this frontend does not support input requests."[0m[0;34m[0m[0;34m[0m[0m
[1;32m   1005[0m             )

[0;31mStdinNotImplementedError[0m: raw_input was called, but this frontend does not support input requests.
StdinNotImplementedError: raw_input was called, but this frontend does not support input requests.

